SF:C:\Users\PaulW\source\repos\Bookstore\Bookstore\Program.cs
FN:3,System.Void Program::<Main>$(System.String[])
FNDA:0,System.Void Program::<Main>$(System.String[])
DA:4,0
DA:8,0
DA:10,0
DA:11,0
DA:14,0
DA:15,0
DA:17,0
DA:20,0
DA:21,0
DA:22,0
DA:23,0
DA:24,0
DA:26,0
DA:28,0
DA:30,0
DA:32,0
BRDA:20,118,0,0
BRDA:20,118,1,0
LF:16
LH:0
BRF:2
BRH:0
FNF:1
FNH:0
end_of_record
SF:C:\Users\PaulW\source\repos\Bookstore\Bookstore\BookstoreDbContext.cs
FN:11,Microsoft.EntityFrameworkCore.DbSet`1<Bookstore.Models.Book> Bookstore.BookstoreDbContext::get_Books()
FNDA:43,Microsoft.EntityFrameworkCore.DbSet`1<Bookstore.Models.Book> Bookstore.BookstoreDbContext::get_Books()
DA:12,43
FN:12,Microsoft.EntityFrameworkCore.DbSet`1<Bookstore.Models.Author> Bookstore.BookstoreDbContext::get_Authors()
FNDA:22,Microsoft.EntityFrameworkCore.DbSet`1<Bookstore.Models.Author> Bookstore.BookstoreDbContext::get_Authors()
DA:13,22
FN:13,Microsoft.EntityFrameworkCore.DbSet`1<Bookstore.Models.Genre> Bookstore.BookstoreDbContext::get_Genres()
FNDA:22,Microsoft.EntityFrameworkCore.DbSet`1<Bookstore.Models.Genre> Bookstore.BookstoreDbContext::get_Genres()
DA:14,22
FN:7,System.Void Bookstore.BookstoreDbContext::.ctor(Microsoft.EntityFrameworkCore.DbContextOptions`1<Bookstore.BookstoreDbContext>)
FNDA:21,System.Void Bookstore.BookstoreDbContext::.ctor(Microsoft.EntityFrameworkCore.DbContextOptions`1<Bookstore.BookstoreDbContext>)
DA:8,21
DA:9,21
DA:10,21
LF:6
LH:6
BRF:0
BRH:0
FNF:4
FNH:4
end_of_record
SF:C:\Users\PaulW\source\repos\Bookstore\Bookstore\Models\Author.cs
FN:7,System.Int32 Bookstore.Models.Author::get_Id()
FNDA:2,System.Int32 Bookstore.Models.Author::get_Id()
DA:8,2
FN:11,System.String Bookstore.Models.Author::get_Name()
FNDA:4,System.String Bookstore.Models.Author::get_Name()
DA:12,4
FN:14,System.Collections.Generic.ICollection`1<Bookstore.Models.Book> Bookstore.Models.Author::get_Books()
FNDA:0,System.Collections.Generic.ICollection`1<Bookstore.Models.Book> Bookstore.Models.Author::get_Books()
DA:15,0
LF:3
LH:2
BRF:0
BRH:0
FNF:3
FNH:2
end_of_record
SF:C:\Users\PaulW\source\repos\Bookstore\Bookstore\Models\Book.cs
FN:8,System.Int32 Bookstore.Models.Book::get_Id()
FNDA:18,System.Int32 Bookstore.Models.Book::get_Id()
DA:9,18
FN:11,System.String Bookstore.Models.Book::get_Title()
FNDA:17,System.String Bookstore.Models.Book::get_Title()
DA:12,17
FN:15,System.Decimal Bookstore.Models.Book::get_Price()
FNDA:7,System.Decimal Bookstore.Models.Book::get_Price()
DA:16,7
FN:19,System.Int32 Bookstore.Models.Book::get_Quantity()
FNDA:2,System.Int32 Bookstore.Models.Book::get_Quantity()
DA:20,2
FN:22,System.Int32 Bookstore.Models.Book::get_AuthorId()
FNDA:3,System.Int32 Bookstore.Models.Book::get_AuthorId()
DA:23,3
FN:25,Bookstore.Models.Author Bookstore.Models.Book::get_Author()
FNDA:2,Bookstore.Models.Author Bookstore.Models.Book::get_Author()
DA:26,2
FN:28,System.Int32 Bookstore.Models.Book::get_GenreId()
FNDA:3,System.Int32 Bookstore.Models.Book::get_GenreId()
DA:29,3
FN:31,Bookstore.Models.Genre Bookstore.Models.Book::get_Genre()
FNDA:0,Bookstore.Models.Genre Bookstore.Models.Book::get_Genre()
DA:32,0
LF:8
LH:7
BRF:0
BRH:0
FNF:8
FNH:7
end_of_record
SF:C:\Users\PaulW\source\repos\Bookstore\Bookstore\Models\BookSearchModel.cs
FN:4,System.String Bookstore.Models.BookSearchModel::get_Title()
FNDA:3,System.String Bookstore.Models.BookSearchModel::get_Title()
DA:5,3
FN:5,System.String Bookstore.Models.BookSearchModel::get_Author()
FNDA:3,System.String Bookstore.Models.BookSearchModel::get_Author()
DA:6,3
FN:6,System.String Bookstore.Models.BookSearchModel::get_Genre()
FNDA:1,System.String Bookstore.Models.BookSearchModel::get_Genre()
DA:7,1
LF:3
LH:3
BRF:0
BRH:0
FNF:3
FNH:3
end_of_record
SF:C:\Users\PaulW\source\repos\Bookstore\Bookstore\Models\Genre.cs
FN:7,System.Int32 Bookstore.Models.Genre::get_Id()
FNDA:2,System.Int32 Bookstore.Models.Genre::get_Id()
DA:8,2
FN:11,System.String Bookstore.Models.Genre::get_Name()
FNDA:2,System.String Bookstore.Models.Genre::get_Name()
DA:12,2
FN:14,System.Collections.Generic.ICollection`1<Bookstore.Models.Book> Bookstore.Models.Genre::get_Books()
FNDA:0,System.Collections.Generic.ICollection`1<Bookstore.Models.Book> Bookstore.Models.Genre::get_Books()
DA:15,0
LF:3
LH:2
BRF:0
BRH:0
FNF:3
FNH:2
end_of_record
SF:C:\Users\PaulW\source\repos\Bookstore\Bookstore\Migrations\20230928210812_NewMigration4.cs
FN:11,System.Void Bookstore.Migrations.NewMigration4::Up(Microsoft.EntityFrameworkCore.Migrations.MigrationBuilder)
FNDA:0,System.Void Bookstore.Migrations.NewMigration4::Up(Microsoft.EntityFrameworkCore.Migrations.MigrationBuilder)
DA:12,0
DA:14,0
FN:17,System.Void Bookstore.Migrations.NewMigration4::Down(Microsoft.EntityFrameworkCore.Migrations.MigrationBuilder)
FNDA:0,System.Void Bookstore.Migrations.NewMigration4::Down(Microsoft.EntityFrameworkCore.Migrations.MigrationBuilder)
DA:18,0
DA:20,0
LF:4
LH:0
BRF:0
BRH:0
FNF:2
FNH:0
end_of_record
SF:C:\Users\PaulW\source\repos\Bookstore\Bookstore\Migrations\20230928210812_NewMigration4.Designer.cs
FN:17,System.Void Bookstore.Migrations.NewMigration4::BuildTargetModel(Microsoft.EntityFrameworkCore.ModelBuilder)
FNDA:0,System.Void Bookstore.Migrations.NewMigration4::BuildTargetModel(Microsoft.EntityFrameworkCore.ModelBuilder)
DA:18,0
DA:20,0
DA:21,0
DA:22,0
DA:24,0
DA:25,0
DA:26,0
DA:27,0
DA:28,0
DA:29,0
DA:30,0
DA:31,0
DA:32,0
DA:33,0
DA:34,0
DA:35,0
DA:36,0
DA:37,0
DA:38,0
DA:40,0
DA:41,0
DA:42,0
DA:43,0
DA:44,0
DA:45,0
DA:46,0
DA:47,0
DA:48,0
DA:49,0
DA:50,0
DA:51,0
DA:52,0
DA:53,0
DA:54,0
DA:55,0
DA:56,0
DA:57,0
DA:58,0
DA:59,0
DA:60,0
DA:61,0
DA:62,0
DA:63,0
DA:64,0
DA:65,0
DA:66,0
DA:67,0
DA:68,0
DA:69,0
DA:71,0
DA:72,0
DA:73,0
DA:74,0
DA:75,0
DA:76,0
DA:77,0
DA:78,0
DA:79,0
DA:80,0
DA:81,0
DA:82,0
DA:83,0
DA:84,0
DA:85,0
DA:87,0
DA:88,0
DA:89,0
DA:90,0
DA:91,0
DA:92,0
DA:93,0
DA:94,0
DA:95,0
DA:96,0
DA:97,0
DA:98,0
DA:99,0
DA:100,0
DA:101,0
DA:102,0
DA:103,0
DA:104,0
DA:106,0
DA:107,0
DA:108,0
DA:109,0
DA:111,0
DA:112,0
DA:113,0
DA:114,0
DA:116,0
LF:91
LH:0
BRF:0
BRH:0
FNF:1
FNH:0
end_of_record
SF:C:\Users\PaulW\source\repos\Bookstore\Bookstore\Migrations\BookstoreDbContextModelSnapshot.cs
FN:14,System.Void Bookstore.Migrations.BookstoreDbContextModelSnapshot::BuildModel(Microsoft.EntityFrameworkCore.ModelBuilder)
FNDA:0,System.Void Bookstore.Migrations.BookstoreDbContextModelSnapshot::BuildModel(Microsoft.EntityFrameworkCore.ModelBuilder)
DA:15,0
DA:17,0
DA:18,0
DA:19,0
DA:21,0
DA:22,0
DA:23,0
DA:24,0
DA:25,0
DA:26,0
DA:27,0
DA:28,0
DA:29,0
DA:30,0
DA:31,0
DA:32,0
DA:33,0
DA:34,0
DA:35,0
DA:37,0
DA:38,0
DA:39,0
DA:40,0
DA:41,0
DA:42,0
DA:43,0
DA:44,0
DA:45,0
DA:46,0
DA:47,0
DA:48,0
DA:49,0
DA:50,0
DA:51,0
DA:52,0
DA:53,0
DA:54,0
DA:55,0
DA:56,0
DA:57,0
DA:58,0
DA:59,0
DA:60,0
DA:61,0
DA:62,0
DA:63,0
DA:64,0
DA:65,0
DA:66,0
DA:68,0
DA:69,0
DA:70,0
DA:71,0
DA:72,0
DA:73,0
DA:74,0
DA:75,0
DA:76,0
DA:77,0
DA:78,0
DA:79,0
DA:80,0
DA:81,0
DA:82,0
DA:84,0
DA:85,0
DA:86,0
DA:87,0
DA:88,0
DA:89,0
DA:90,0
DA:91,0
DA:92,0
DA:93,0
DA:94,0
DA:95,0
DA:96,0
DA:97,0
DA:98,0
DA:99,0
DA:100,0
DA:101,0
DA:103,0
DA:104,0
DA:105,0
DA:106,0
DA:108,0
DA:109,0
DA:110,0
DA:111,0
DA:113,0
LF:91
LH:0
BRF:0
BRH:0
FNF:1
FNH:0
end_of_record
SF:C:\Users\PaulW\source\repos\Bookstore\Bookstore\Controllers\AuthorsController.cs
FN:130,System.Boolean Bookstore.Controllers.AuthorsController::AuthorExists(System.Int32)
FNDA:0,System.Boolean Bookstore.Controllers.AuthorsController::AuthorExists(System.Int32)
DA:131,0
DA:132,0
DA:133,0
BRDA:132,26,0,0
BRDA:132,26,1,0
FN:18,System.Void Bookstore.Controllers.AuthorsController::.ctor(Bookstore.BookstoreDbContext)
FNDA:0,System.Void Bookstore.Controllers.AuthorsController::.ctor(Bookstore.BookstoreDbContext)
DA:19,0
DA:20,0
DA:21,0
DA:22,0
FN:112,System.Void Bookstore.Controllers.AuthorsController/<DeleteAuthor>d__6::MoveNext()
FNDA:0,System.Void Bookstore.Controllers.AuthorsController/<DeleteAuthor>d__6::MoveNext()
DA:113,0
DA:114,0
DA:115,0
DA:116,0
DA:118,0
DA:119,0
DA:120,0
DA:121,0
DA:124,0
DA:125,0
DA:127,0
DA:128,0
BRDA:114,50,0,0
BRDA:114,50,1,0
BRDA:119,243,0,0
BRDA:119,243,1,0
FN:37,System.Void Bookstore.Controllers.AuthorsController/<GetAuthor>d__3::MoveNext()
FNDA:0,System.Void Bookstore.Controllers.AuthorsController/<GetAuthor>d__3::MoveNext()
DA:38,0
DA:39,0
DA:40,0
DA:41,0
DA:43,0
DA:45,0
DA:46,0
DA:47,0
DA:50,0
DA:51,0
BRDA:39,39,0,0
BRDA:39,39,1,0
BRDA:45,237,0,0
BRDA:45,237,1,0
FN:26,System.Void Bookstore.Controllers.AuthorsController/<GetAuthors>d__2::MoveNext()
FNDA:0,System.Void Bookstore.Controllers.AuthorsController/<GetAuthors>d__2::MoveNext()
DA:27,0
DA:28,0
DA:29,0
DA:30,0
DA:32,0
DA:33,0
BRDA:28,39,0,0
BRDA:28,39,1,0
FN:93,System.Void Bookstore.Controllers.AuthorsController/<PostAuthor>d__5::MoveNext()
FNDA:0,System.Void Bookstore.Controllers.AuthorsController/<PostAuthor>d__5::MoveNext()
DA:94,0
DA:95,0
DA:96,0
DA:98,0
DA:100,0
DA:101,0
DA:102,0
DA:104,0
DA:105,0
DA:107,0
DA:108,0
BRDA:95,39,0,0
BRDA:95,39,1,0
BRDA:100,96,0,0
BRDA:100,96,1,0
FN:56,System.Void Bookstore.Controllers.AuthorsController/<PutAuthor>d__4::MoveNext()
FNDA:0,System.Void Bookstore.Controllers.AuthorsController/<PutAuthor>d__4::MoveNext()
DA:57,0
DA:58,0
DA:59,0
DA:61,0
DA:64,0
DA:65,0
DA:66,0
DA:69,0
DA:72,0
DA:73,0
DA:74,0
DA:75,0
DA:76,0
DA:77,0
DA:78,0
DA:79,0
DA:82,0
DA:83,0
DA:87,0
DA:88,0
BRDA:58,36,0,0
BRDA:58,36,1,0
BRDA:64,91,0,0
BRDA:64,91,1,0
BRDA:77,298,0,0
BRDA:77,298,1,0
LF:66
LH:0
BRF:22
BRH:0
FNF:7
FNH:0
end_of_record
SF:C:\Users\PaulW\source\repos\Bookstore\Bookstore\Controllers\BooksController.cs
FN:133,Microsoft.AspNetCore.Mvc.ActionResult`1<System.Collections.Generic.IEnumerable`1<Bookstore.Models.Book>> Bookstore.Controllers.BooksController::SearchBooks(Bookstore.Models.BookSearchModel)
FNDA:1,Microsoft.AspNetCore.Mvc.ActionResult`1<System.Collections.Generic.IEnumerable`1<Bookstore.Models.Book>> Bookstore.Controllers.BooksController::SearchBooks(Bookstore.Models.BookSearchModel)
DA:134,1
DA:135,1
DA:136,1
DA:137,1
DA:138,1
DA:140,1
DA:141,1
DA:142,1
DA:143,1
DA:145,1
DA:146,1
DA:147,1
DA:148,1
DA:150,1
DA:151,0
DA:152,0
DA:153,0
DA:155,1
DA:156,1
DA:157,1
BRDA:140,178,0,1
BRDA:140,178,1,1
BRDA:145,352,0,1
BRDA:145,352,1,1
BRDA:150,546,0,0
BRDA:150,546,1,1
FN:159,System.Boolean Bookstore.Controllers.BooksController::BookExists(System.Int32)
FNDA:1,System.Boolean Bookstore.Controllers.BooksController::BookExists(System.Int32)
DA:160,1
DA:161,1
DA:162,1
BRDA:161,26,0,0
BRDA:161,26,1,1
FN:18,System.Void Bookstore.Controllers.BooksController::.ctor(Bookstore.BookstoreDbContext)
FNDA:11,System.Void Bookstore.Controllers.BooksController::.ctor(Bookstore.BookstoreDbContext)
DA:19,11
DA:20,11
DA:21,11
DA:22,11
FN:114,System.Void Bookstore.Controllers.BooksController/<DeleteBook>d__6::MoveNext()
FNDA:1,System.Void Bookstore.Controllers.BooksController/<DeleteBook>d__6::MoveNext()
DA:115,1
DA:116,1
DA:117,0
DA:118,0
DA:120,1
DA:121,1
DA:122,1
DA:123,1
DA:126,0
DA:127,0
DA:129,0
DA:130,1
BRDA:116,50,0,0
BRDA:116,50,1,1
BRDA:121,243,0,1
BRDA:121,243,1,0
FN:38,System.Void Bookstore.Controllers.BooksController/<GetBook>d__3::MoveNext()
FNDA:3,System.Void Bookstore.Controllers.BooksController/<GetBook>d__3::MoveNext()
DA:39,3
DA:40,3
DA:41,1
DA:42,1
DA:45,2
DA:47,2
DA:48,1
DA:49,1
DA:52,1
DA:53,3
BRDA:40,44,0,1
BRDA:40,44,1,2
BRDA:47,242,0,1
BRDA:47,242,1,1
FN:26,System.Void Bookstore.Controllers.BooksController/<GetBooks>d__2::MoveNext()
FNDA:2,System.Void Bookstore.Controllers.BooksController/<GetBooks>d__2::MoveNext()
DA:27,2
DA:28,2
DA:29,1
DA:30,1
DA:33,1
DA:34,2
BRDA:28,44,0,1
BRDA:28,44,1,1
FN:95,System.Void Bookstore.Controllers.BooksController/<PostBook>d__5::MoveNext()
FNDA:1,System.Void Bookstore.Controllers.BooksController/<PostBook>d__5::MoveNext()
DA:96,1
DA:97,1
DA:98,1
DA:100,1
DA:102,0
DA:103,0
DA:104,0
DA:106,0
DA:107,0
DA:109,0
DA:110,1
BRDA:97,39,0,1
BRDA:97,39,1,0
BRDA:102,96,0,0
BRDA:102,96,1,0
FN:58,System.Void Bookstore.Controllers.BooksController/<PutBook>d__4::MoveNext()
FNDA:3,System.Void Bookstore.Controllers.BooksController/<PutBook>d__4::MoveNext()
DA:59,3
DA:60,3
DA:61,1
DA:62,1
DA:65,2
DA:66,1
DA:68,1
DA:71,1
DA:74,1
DA:75,1
DA:76,0
DA:77,1
DA:78,1
DA:79,1
DA:80,1
DA:81,1
DA:84,0
DA:85,0
DA:89,0
DA:90,3
BRDA:60,39,0,1
BRDA:60,39,1,2
BRDA:65,80,0,1
BRDA:65,80,1,1
BRDA:79,298,0,1
BRDA:79,298,1,0
LF:86
LH:68
BRF:28
BRH:20
FNF:8
FNH:8
end_of_record
SF:C:\Users\PaulW\source\repos\Bookstore\Bookstore\Controllers\GenresController.cs
FN:131,System.Boolean Bookstore.Controllers.GenresController::GenreExists(System.Int32)
FNDA:0,System.Boolean Bookstore.Controllers.GenresController::GenreExists(System.Int32)
DA:132,0
DA:133,0
DA:134,0
BRDA:133,26,0,0
BRDA:133,26,1,0
FN:18,System.Void Bookstore.Controllers.GenresController::.ctor(Bookstore.BookstoreDbContext)
FNDA:0,System.Void Bookstore.Controllers.GenresController::.ctor(Bookstore.BookstoreDbContext)
DA:19,0
DA:20,0
DA:21,0
DA:22,0
FN:113,System.Void Bookstore.Controllers.GenresController/<DeleteGenre>d__6::MoveNext()
FNDA:0,System.Void Bookstore.Controllers.GenresController/<DeleteGenre>d__6::MoveNext()
DA:114,0
DA:115,0
DA:116,0
DA:117,0
DA:119,0
DA:120,0
DA:121,0
DA:122,0
DA:125,0
DA:126,0
DA:128,0
DA:129,0
BRDA:115,50,0,0
BRDA:115,50,1,0
BRDA:120,243,0,0
BRDA:120,243,1,0
FN:37,System.Void Bookstore.Controllers.GenresController/<GetGenre>d__3::MoveNext()
FNDA:0,System.Void Bookstore.Controllers.GenresController/<GetGenre>d__3::MoveNext()
DA:38,0
DA:39,0
DA:40,0
DA:41,0
DA:43,0
DA:45,0
DA:46,0
DA:47,0
DA:50,0
DA:51,0
BRDA:39,39,0,0
BRDA:39,39,1,0
BRDA:45,237,0,0
BRDA:45,237,1,0
FN:26,System.Void Bookstore.Controllers.GenresController/<GetGenres>d__2::MoveNext()
FNDA:0,System.Void Bookstore.Controllers.GenresController/<GetGenres>d__2::MoveNext()
DA:27,0
DA:28,0
DA:29,0
DA:30,0
DA:32,0
DA:33,0
BRDA:28,39,0,0
BRDA:28,39,1,0
FN:93,System.Void Bookstore.Controllers.GenresController/<PostGenre>d__5::MoveNext()
FNDA:0,System.Void Bookstore.Controllers.GenresController/<PostGenre>d__5::MoveNext()
DA:94,0
DA:95,0
DA:96,0
DA:98,0
DA:101,0
DA:102,0
DA:103,0
DA:105,0
DA:106,0
DA:108,0
DA:109,0
BRDA:95,39,0,0
BRDA:95,39,1,0
BRDA:101,96,0,0
BRDA:101,96,1,0
FN:56,System.Void Bookstore.Controllers.GenresController/<PutGenre>d__4::MoveNext()
FNDA:0,System.Void Bookstore.Controllers.GenresController/<PutGenre>d__4::MoveNext()
DA:57,0
DA:58,0
DA:59,0
DA:61,0
DA:64,0
DA:65,0
DA:66,0
DA:69,0
DA:72,0
DA:73,0
DA:74,0
DA:75,0
DA:76,0
DA:77,0
DA:78,0
DA:79,0
DA:82,0
DA:83,0
DA:87,0
DA:88,0
BRDA:58,36,0,0
BRDA:58,36,1,0
BRDA:64,91,0,0
BRDA:64,91,1,0
BRDA:77,298,0,0
BRDA:77,298,1,0
LF:66
LH:0
BRF:22
BRH:0
FNF:7
FNH:0
end_of_record